<?xml version="1.0" encoding="UTF-8"?>
<!-- Generated by org.testng.reporters.JUnitReportReporter -->
<testsuite skipped="0" hostname="DESKTOP-DOAD35E" name="seleniumtestpackage.TestNGTest1" tests="1" failures="0" timestamp="2020-04-04T23:21:47 CDT" time="0.008" errors="0">
  <testcase name="TestNgFirstTest" time="0.008" classname="seleniumtestpackage.TestNGTest1"/>
  <system-out/>
</testsuite> <!-- seleniumtestpackage.TestNGTest1 -->
